---
  0 debug pnpm:scope: 
    selected: 1
    workspacePrefix: null
  1 info pnpm: 
    message: "A store server is running. All store manipulations are delegated to it."
    prefix: "/app"
  2 debug pnpm:package-json: 
    initial: 
      name: "champ-bos-altapi-v13"
      version: "3.0.0"
      descripton: "Discord Boş Altyapı v13"
      main: "champ.js"
      scripts: 
        start: "node champ.js"
      keywords: []
      author: 
        name: "champ"
      license: "ISC"
      devDependencies: 
        node: "16.x"
      dependencies: 
        path: "^0.12.7"
        fs: "^0.0.2"
        discord.js: "^13.6.0"
      readme: "# v13 Boş Altyapı\n\n- Boş Altyapı Kullanabilirsiniz\n\n- Benim veya Ben Yaptım Diye Bahsedenler Hakkında Yasal İşlem Yapılacaktır\n\n- Bir Sorun Olursa Cv∔x? `C#1357 Yazabilirsiniz\n\n**Direk Kurup Komut Ekleyebilirsiniz**"
      readmeFilename: "README.md"
      gitHead: "8fe59543c5bfa30e5eda0b2de4fff75571b02d7a"
      description: "- Boş Altyapı Kullanabilirsiniz"
      _id: "champ-bos-altapi-v13@3.0.0"
    prefix: "/app"
  3 debug pnpm:stage: 
    prefix: "/app"
    stage: "resolution_started"
  4 debug pnpm:progress: 
    packageId: "registry.npmjs.org/path/0.12.7"
    requester: "/app"
    status: "resolved"
  5 debug pnpm:progress: 
    packageId: "registry.npmjs.org/fs/0.0.2"
    requester: "/app"
    status: "resolved"
  6 warn pnpm:install-check: 
    message: "Unsupported engine for registry.npmjs.org/discord.js/13.6.0: wanted: {\"node\":\">=16.6.0\",\"npm\":\">=7.0.0\"} (current: {\"node\":\"v10.24.1\",\"pnpm\":\"2.25.5\"})"
    prefix: "/app"
  7 debug pnpm:progress: 
    packageId: "registry.npmjs.org/discord.js/13.6.0"
    requester: "/app"
    status: "resolved"
  8 debug pnpm:progress: 
    packageId: "registry.npmjs.org/node/16.14.0"
    requester: "/app"
    status: "resolved"
  9 debug pnpm:progress: 
    packageId: "registry.npmjs.org/path/0.12.7"
    requester: "/app"
    status: "found_in_store"
  10 debug pnpm:progress: 
    packageId: "registry.npmjs.org/fs/0.0.2"
    requester: "/app"
    status: "found_in_store"
  11 debug pnpm:progress: 
    packageId: "registry.npmjs.org/discord.js/13.6.0"
    requester: "/app"
    status: "found_in_store"
  12 debug pnpm:progress: 
    packageId: "registry.npmjs.org/node/16.14.0"
    requester: "/app"
    status: "fetched"
  13 debug pnpm:progress: 
    packageId: "registry.npmjs.org/node-bin-setup/1.1.0"
    requester: "/app"
    status: "resolved"
  14 debug pnpm:progress: 
    packageId: "registry.npmjs.org/process/0.11.10"
    requester: "/app"
    status: "resolved"
  15 debug pnpm:progress: 
    packageId: "registry.npmjs.org/util/0.10.4"
    requester: "/app"
    status: "resolved"
  16 warn pnpm:install-check: 
    message: "Unsupported engine for registry.npmjs.org/@discordjs/builders/0.11.0: wanted: {\"node\":\">=16.0.0\",\"npm\":\">=7.0.0\"} (current: {\"node\":\"v10.24.1\",\"pnpm\":\"2.25.5\"})"
    prefix: "/app"
  17 debug pnpm:progress: 
    packageId: "registry.npmjs.org/@discordjs/builders/0.11.0"
    requester: "/app"
    status: "resolved"
  18 warn pnpm:install-check: 
    message: "Unsupported engine for registry.npmjs.org/@discordjs/collection/0.4.0: wanted: {\"node\":\">=16.0.0\",\"npm\":\">=7.0.0\"} (current: {\"node\":\"v10.24.1\",\"pnpm\":\"2.25.5\"})"
    prefix: "/app"
  19 debug pnpm:progress: 
    packageId: "registry.npmjs.org/@discordjs/collection/0.4.0"
    requester: "/app"
    status: "resolved"
  20 warn pnpm:install-check: 
    message: "Unsupported engine for registry.npmjs.org/@sapphire/async-queue/1.3.0: wanted: {\"node\":\">=v14.0.0\",\"npm\":\">=7.0.0\"} (current: {\"node\":\"v10.24.1\",\"pnpm\":\"2.25.5\"})"
    prefix: "/app"
  21 debug pnpm:progress: 
    packageId: "registry.npmjs.org/@sapphire/async-queue/1.3.0"
    requester: "/app"
    status: "resolved"
  22 debug pnpm:progress: 
    packageId: "registry.npmjs.org/@types/node-fetch/2.6.1"
    requester: "/app"
    status: "resolved"
  23 debug pnpm:progress: 
    packageId: "registry.npmjs.org/@types/ws/8.5.3"
    requester: "/app"
    status: "resolved"
  24 warn pnpm:install-check: 
    message: "Unsupported engine for registry.npmjs.org/discord-api-types/0.26.1: wanted: {\"node\":\">=12\"} (current: {\"node\":\"v10.24.1\",\"pnpm\":\"2.25.5\"})"
    prefix: "/app"
  25 debug pnpm:progress: 
    packageId: "registry.npmjs.org/discord-api-types/0.26.1"
    requester: "/app"
    status: "resolved"
  26 debug pnpm:progress: 
    packageId: "registry.npmjs.org/form-data/4.0.0"
    requester: "/app"
    status: "resolved"
  27 debug pnpm:progress: 
    packageId: "registry.npmjs.org/node-fetch/2.6.7"
    requester: "/app"
    status: "resolved"
  28 debug pnpm:progress: 
    packageId: "registry.npmjs.org/ws/8.5.0"
    requester: "/app"
    status: "resolved"
  29 debug pnpm:progress: 
    packageId: "registry.npmjs.org/node-bin-setup/1.1.0"
    requester: "/app"
    status: "found_in_store"
  30 debug pnpm:progress: 
    packageId: "registry.npmjs.org/process/0.11.10"
    requester: "/app"
    status: "found_in_store"
  31 debug pnpm:progress: 
    packageId: "registry.npmjs.org/util/0.10.4"
    requester: "/app"
    status: "found_in_store"
  32 debug pnpm:progress: 
    packageId: "registry.npmjs.org/@discordjs/builders/0.11.0"
    requester: "/app"
    status: "found_in_store"
  33 debug pnpm:progress: 
    packageId: "registry.npmjs.org/@discordjs/collection/0.4.0"
    requester: "/app"
    status: "found_in_store"
  34 debug pnpm:progress: 
    packageId: "registry.npmjs.org/@sapphire/async-queue/1.3.0"
    requester: "/app"
    status: "found_in_store"
  35 debug pnpm:progress: 
    packageId: "registry.npmjs.org/@types/node-fetch/2.6.1"
    requester: "/app"
    status: "found_in_store"
  36 debug pnpm:progress: 
    packageId: "registry.npmjs.org/@types/ws/8.5.3"
    requester: "/app"
    status: "found_in_store"
  37 debug pnpm:progress: 
    packageId: "registry.npmjs.org/discord-api-types/0.26.1"
    requester: "/app"
    status: "found_in_store"
  38 debug pnpm:progress: 
    packageId: "registry.npmjs.org/form-data/4.0.0"
    requester: "/app"
    status: "found_in_store"
  39 debug pnpm:progress: 
    packageId: "registry.npmjs.org/node-fetch/2.6.7"
    requester: "/app"
    status: "found_in_store"
  40 debug pnpm:progress: 
    packageId: "registry.npmjs.org/ws/8.5.0"
    requester: "/app"
    status: "found_in_store"
  41 debug pnpm:progress: 
    packageId: "registry.npmjs.org/@sindresorhus/is/4.6.0"
    requester: "/app"
    status: "resolved"
  42 warn pnpm:install-check: 
    message: "Unsupported engine for registry.npmjs.org/discord-api-types/0.26.1: wanted: {\"node\":\">=12\"} (current: {\"node\":\"v10.24.1\",\"pnpm\":\"2.25.5\"})"
    prefix: "/app"
  43 debug pnpm:progress: 
    packageId: "registry.npmjs.org/ts-mixer/6.0.1"
    requester: "/app"
    status: "resolved"
  44 debug pnpm:progress: 
    packageId: "registry.npmjs.org/tslib/2.3.1"
    requester: "/app"
    status: "resolved"
  45 debug pnpm:progress: 
    packageId: "registry.npmjs.org/zod/3.14.2"
    requester: "/app"
    status: "resolved"
  46 debug pnpm:progress: 
    packageId: "registry.npmjs.org/@types/node/17.0.21"
    requester: "/app"
    status: "resolved"
  47 debug pnpm:progress: 
    packageId: "registry.npmjs.org/form-data/3.0.1"
    requester: "/app"
    status: "resolved"
  48 debug pnpm:progress: 
    packageId: "registry.npmjs.org/asynckit/0.4.0"
    requester: "/app"
    status: "resolved"
  49 debug pnpm:progress: 
    packageId: "registry.npmjs.org/combined-stream/1.0.8"
    requester: "/app"
    status: "resolved"
  50 debug pnpm:progress: 
    packageId: "registry.npmjs.org/mime-types/2.1.35"
    requester: "/app"
    status: "resolved"
  51 debug pnpm:progress: 
    packageId: "registry.npmjs.org/whatwg-url/5.0.0"
    requester: "/app"
    status: "resolved"
  52 debug pnpm:progress: 
    packageId: "registry.npmjs.org/inherits/2.0.3"
    requester: "/app"
    status: "resolved"
  53 debug pnpm:progress: 
    packageId: "registry.npmjs.org/@sindresorhus/is/4.6.0"
    requester: "/app"
    status: "found_in_store"
  54 debug pnpm:progress: 
    packageId: "registry.npmjs.org/ts-mixer/6.0.1"
    requester: "/app"
    status: "found_in_store"
  55 debug pnpm:progress: 
    packageId: "registry.npmjs.org/tslib/2.3.1"
    requester: "/app"
    status: "found_in_store"
  56 debug pnpm:progress: 
    packageId: "registry.npmjs.org/zod/3.14.2"
    requester: "/app"
    status: "found_in_store"
  57 debug pnpm:progress: 
    packageId: "registry.npmjs.org/@types/node/17.0.21"
    requester: "/app"
    status: "found_in_store"
  58 debug pnpm:progress: 
    packageId: "registry.npmjs.org/form-data/3.0.1"
    requester: "/app"
    status: "found_in_store"
  59 debug pnpm:progress: 
    packageId: "registry.npmjs.org/asynckit/0.4.0"
    requester: "/app"
    status: "found_in_store"
  60 debug pnpm:progress: 
    packageId: "registry.npmjs.org/combined-stream/1.0.8"
    requester: "/app"
    status: "found_in_store"
  61 debug pnpm:progress: 
    packageId: "registry.npmjs.org/mime-types/2.1.35"
    requester: "/app"
    status: "found_in_store"
  62 debug pnpm:progress: 
    packageId: "registry.npmjs.org/whatwg-url/5.0.0"
    requester: "/app"
    status: "found_in_store"
  63 debug pnpm:progress: 
    packageId: "registry.npmjs.org/inherits/2.0.3"
    requester: "/app"
    status: "found_in_store"
  64 debug pnpm:progress: 
    packageId: "registry.npmjs.org/delayed-stream/1.0.0"
    requester: "/app"
    status: "resolved"
  65 debug pnpm:progress: 
    packageId: "registry.npmjs.org/tr46/0.0.3"
    requester: "/app"
    status: "resolved"
  66 debug pnpm:progress: 
    packageId: "registry.npmjs.org/webidl-conversions/3.0.1"
    requester: "/app"
    status: "resolved"
  67 debug pnpm:progress: 
    packageId: "registry.npmjs.org/mime-db/1.52.0"
    requester: "/app"
    status: "resolved"
  68 debug pnpm:stage: 
    prefix: "/app"
    stage: "resolution_done"
  69 debug pnpm:package-json: 
    prefix: "/app"
    updated: 
      name: "champ-bos-altapi-v13"
      version: "3.0.0"
      descripton: "Discord Boş Altyapı v13"
      main: "champ.js"
      scripts: 
        start: "node champ.js"
      keywords: []
      author: 
        name: "champ"
      license: "ISC"
      devDependencies: 
        node: "16.x"
      dependencies: 
        path: "^0.12.7"
        fs: "^0.0.2"
        discord.js: "^13.6.0"
      readme: "# v13 Boş Altyapı\n\n- Boş Altyapı Kullanabilirsiniz\n\n- Benim veya Ben Yaptım Diye Bahsedenler Hakkında Yasal İşlem Yapılacaktır\n\n- Bir Sorun Olursa Cv∔x? `C#1357 Yazabilirsiniz\n\n**Direk Kurup Komut Ekleyebilirsiniz**"
      readmeFilename: "README.md"
      gitHead: "8fe59543c5bfa30e5eda0b2de4fff75571b02d7a"
      description: "- Boş Altyapı Kullanabilirsiniz"
      _id: "champ-bos-altapi-v13@3.0.0"
  70 debug pnpm:progress: 
    packageId: "registry.npmjs.org/delayed-stream/1.0.0"
    requester: "/app"
    status: "found_in_store"
  71 debug pnpm:progress: 
    packageId: "registry.npmjs.org/tr46/0.0.3"
    requester: "/app"
    status: "found_in_store"
  72 debug pnpm:progress: 
    packageId: "registry.npmjs.org/webidl-conversions/3.0.1"
    requester: "/app"
    status: "found_in_store"
  73 debug pnpm:progress: 
    packageId: "registry.npmjs.org/mime-db/1.52.0"
    requester: "/app"
    status: "found_in_store"
  74 warn pnpm: 
    message: "discord.js: node-fetch@2.6.7 requires a peer of encoding@^0.1.0 but none was installed."
    prefix: "/app"
  75 warn pnpm: 
    message: "discord.js: ws@8.5.0 requires a peer of bufferutil@^4.0.1 but none was installed."
    prefix: "/app"
  76 warn pnpm: 
    message: "discord.js: ws@8.5.0 requires a peer of utf-8-validate@^5.0.2 but none was installed."
    prefix: "/app"
  77 debug pnpm:stats: 
    prefix: "/app"
    removed: 0
  78 debug pnpm:stage: 
    prefix: "/app"
    stage: "importing_started"
  79 debug pnpm:stats: 
    added: 31
    prefix: "/app"
  80 debug pnpm:link: 
    target: "/rbd/pnpm-volume/eb28f3a4-3ecc-4593-88b8-2a81a265f375/node_modules/.registry.npmjs.org/node-bin-setup/1.1.0/node_modules/node-bin-setup"
    link: "/rbd/pnpm-volume/eb28f3a4-3ecc-4593-88b8-2a81a265f375/node_modules/.registry.npmjs.org/node/16.14.0/node_modules/node-bin-setup"
  81 debug pnpm:link: 
    target: "/rbd/pnpm-volume/eb28f3a4-3ecc-4593-88b8-2a81a265f375/node_modules/.registry.npmjs.org/process/0.11.10/node_modules/process"
    link: "/rbd/pnpm-volume/eb28f3a4-3ecc-4593-88b8-2a81a265f375/node_modules/.registry.npmjs.org/path/0.12.7/node_modules/process"
  82 debug pnpm:link: 
    target: "/rbd/pnpm-volume/eb28f3a4-3ecc-4593-88b8-2a81a265f375/node_modules/.registry.npmjs.org/util/0.10.4/node_modules/util"
    link: "/rbd/pnpm-volume/eb28f3a4-3ecc-4593-88b8-2a81a265f375/node_modules/.registry.npmjs.org/path/0.12.7/node_modules/util"
  83 debug pnpm:link: 
    target: "/rbd/pnpm-volume/eb28f3a4-3ecc-4593-88b8-2a81a265f375/node_modules/.registry.npmjs.org/inherits/2.0.3/node_modules/inherits"
    link: "/rbd/pnpm-volume/eb28f3a4-3ecc-4593-88b8-2a81a265f375/node_modules/.registry.npmjs.org/util/0.10.4/node_modules/inherits"
  84 debug pnpm:link: 
    target: "/rbd/pnpm-volume/eb28f3a4-3ecc-4593-88b8-2a81a265f375/node_modules/.registry.npmjs.org/@discordjs/builders/0.11.0/node_modules/@discordjs/builders"
    link: "/rbd/pnpm-volume/eb28f3a4-3ecc-4593-88b8-2a81a265f375/node_modules/.registry.npmjs.org/discord.js/13.6.0/node_modules/@discordjs/builders"
  85 debug pnpm:link: 
    target: "/rbd/pnpm-volume/eb28f3a4-3ecc-4593-88b8-2a81a265f375/node_modules/.registry.npmjs.org/@discordjs/collection/0.4.0/node_modules/@discordjs/collection"
    link: "/rbd/pnpm-volume/eb28f3a4-3ecc-4593-88b8-2a81a265f375/node_modules/.registry.npmjs.org/discord.js/13.6.0/node_modules/@discordjs/collection"
  86 debug pnpm:link: 
    target: "/rbd/pnpm-volume/eb28f3a4-3ecc-4593-88b8-2a81a265f375/node_modules/.registry.npmjs.org/@sapphire/async-queue/1.3.0/node_modules/@sapphire/async-queue"
    link: "/rbd/pnpm-volume/eb28f3a4-3ecc-4593-88b8-2a81a265f375/node_modules/.registry.npmjs.org/discord.js/13.6.0/node_modules/@sapphire/async-queue"
  87 debug pnpm:link: 
    target: "/rbd/pnpm-volume/eb28f3a4-3ecc-4593-88b8-2a81a265f375/node_modules/.registry.npmjs.org/@types/node-fetch/2.6.1/node_modules/@types/node-fetch"
    link: "/rbd/pnpm-volume/eb28f3a4-3ecc-4593-88b8-2a81a265f375/node_modules/.registry.npmjs.org/discord.js/13.6.0/node_modules/@types/node-fetch"
  88 debug pnpm:link: 
    target: "/rbd/pnpm-volume/eb28f3a4-3ecc-4593-88b8-2a81a265f375/node_modules/.registry.npmjs.org/@types/ws/8.5.3/node_modules/@types/ws"
    link: "/rbd/pnpm-volume/eb28f3a4-3ecc-4593-88b8-2a81a265f375/node_modules/.registry.npmjs.org/discord.js/13.6.0/node_modules/@types/ws"
  89 debug pnpm:link: 
    target: "/rbd/pnpm-volume/eb28f3a4-3ecc-4593-88b8-2a81a265f375/node_modules/.registry.npmjs.org/discord-api-types/0.26.1/node_modules/discord-api-types"
    link: "/rbd/pnpm-volume/eb28f3a4-3ecc-4593-88b8-2a81a265f375/node_modules/.registry.npmjs.org/discord.js/13.6.0/node_modules/discord-api-types"
  90 debug pnpm:link: 
    target: "/rbd/pnpm-volume/eb28f3a4-3ecc-4593-88b8-2a81a265f375/node_modules/.registry.npmjs.org/form-data/4.0.0/node_modules/form-data"
    link: "/rbd/pnpm-volume/eb28f3a4-3ecc-4593-88b8-2a81a265f375/node_modules/.registry.npmjs.org/discord.js/13.6.0/node_modules/form-data"
  91 debug pnpm:link: 
    target: "/rbd/pnpm-volume/eb28f3a4-3ecc-4593-88b8-2a81a265f375/node_modules/.registry.npmjs.org/node-fetch/2.6.7/node_modules/node-fetch"
    link: "/rbd/pnpm-volume/eb28f3a4-3ecc-4593-88b8-2a81a265f375/node_modules/.registry.npmjs.org/discord.js/13.6.0/node_modules/node-fetch"
  92 debug pnpm:link: 
    target: "/rbd/pnpm-volume/eb28f3a4-3ecc-4593-88b8-2a81a265f375/node_modules/.registry.npmjs.org/ws/8.5.0/node_modules/ws"
    link: "/rbd/pnpm-volume/eb28f3a4-3ecc-4593-88b8-2a81a265f375/node_modules/.registry.npmjs.org/discord.js/13.6.0/node_modules/ws"
  93 debug pnpm:link: 
    target: "/rbd/pnpm-volume/eb28f3a4-3ecc-4593-88b8-2a81a265f375/node_modules/.registry.npmjs.org/@sindresorhus/is/4.6.0/node_modules/@sindresorhus/is"
    link: "/rbd/pnpm-volume/eb28f3a4-3ecc-4593-88b8-2a81a265f375/node_modules/.registry.npmjs.org/@discordjs/builders/0.11.0/node_modules/@sindresorhus/is"
  94 debug pnpm:link: 
    target: "/rbd/pnpm-volume/eb28f3a4-3ecc-4593-88b8-2a81a265f375/node_modules/.registry.npmjs.org/discord-api-types/0.26.1/node_modules/discord-api-types"
    link: "/rbd/pnpm-volume/eb28f3a4-3ecc-4593-88b8-2a81a265f375/node_modules/.registry.npmjs.org/@discordjs/builders/0.11.0/node_modules/discord-api-types"
  95 debug pnpm:link: 
    target: "/rbd/pnpm-volume/eb28f3a4-3ecc-4593-88b8-2a81a265f375/node_modules/.registry.npmjs.org/ts-mixer/6.0.1/node_modules/ts-mixer"
    link: "/rbd/pnpm-volume/eb28f3a4-3ecc-4593-88b8-2a81a265f375/node_modules/.registry.npmjs.org/@discordjs/builders/0.11.0/node_modules/ts-mixer"
  96 debug pnpm:link: 
    target: "/rbd/pnpm-volume/eb28f3a4-3ecc-4593-88b8-2a81a265f375/node_modules/.registry.npmjs.org/tslib/2.3.1/node_modules/tslib"
    link: "/rbd/pnpm-volume/eb28f3a4-3ecc-4593-88b8-2a81a265f375/node_modules/.registry.npmjs.org/@discordjs/builders/0.11.0/node_modules/tslib"
  97 debug pnpm:link: 
    target: "/rbd/pnpm-volume/eb28f3a4-3ecc-4593-88b8-2a81a265f375/node_modules/.registry.npmjs.org/zod/3.14.2/node_modules/zod"
    link: "/rbd/pnpm-volume/eb28f3a4-3ecc-4593-88b8-2a81a265f375/node_modules/.registry.npmjs.org/@discordjs/builders/0.11.0/node_modules/zod"
  98 debug pnpm:link: 
    target: "/rbd/pnpm-volume/eb28f3a4-3ecc-4593-88b8-2a81a265f375/node_modules/.registry.npmjs.org/@types/node/17.0.21/node_modules/@types/node"
    link: "/rbd/pnpm-volume/eb28f3a4-3ecc-4593-88b8-2a81a265f375/node_modules/.registry.npmjs.org/@types/node-fetch/2.6.1/node_modules/@types/node"
  99 debug pnpm:link: 
    target: "/rbd/pnpm-volume/eb28f3a4-3ecc-4593-88b8-2a81a265f375/node_modules/.registry.npmjs.org/form-data/3.0.1/node_modules/form-data"
    link: "/rbd/pnpm-volume/eb28f3a4-3ecc-4593-88b8-2a81a265f375/node_modules/.registry.npmjs.org/@types/node-fetch/2.6.1/node_modules/form-data"
  100 debug pnpm:link: 
    target: "/rbd/pnpm-volume/eb28f3a4-3ecc-4593-88b8-2a81a265f375/node_modules/.registry.npmjs.org/asynckit/0.4.0/node_modules/asynckit"
    link: "/rbd/pnpm-volume/eb28f3a4-3ecc-4593-88b8-2a81a265f375/node_modules/.registry.npmjs.org/form-data/3.0.1/node_modules/asynckit"
  101 debug pnpm:link: 
    target: "/rbd/pnpm-volume/eb28f3a4-3ecc-4593-88b8-2a81a265f375/node_modules/.registry.npmjs.org/combined-stream/1.0.8/node_modules/combined-stream"
    link: "/rbd/pnpm-volume/eb28f3a4-3ecc-4593-88b8-2a81a265f375/node_modules/.registry.npmjs.org/form-data/3.0.1/node_modules/combined-stream"
  102 debug pnpm:link: 
    target: "/rbd/pnpm-volume/eb28f3a4-3ecc-4593-88b8-2a81a265f375/node_modules/.registry.npmjs.org/mime-types/2.1.35/node_modules/mime-types"
    link: "/rbd/pnpm-volume/eb28f3a4-3ecc-4593-88b8-2a81a265f375/node_modules/.registry.npmjs.org/form-data/3.0.1/node_modules/mime-types"
  103 debug pnpm:link: 
    target: "/rbd/pnpm-volume/eb28f3a4-3ecc-4593-88b8-2a81a265f375/node_modules/.registry.npmjs.org/delayed-stream/1.0.0/node_modules/delayed-stream"
    link: "/rbd/pnpm-volume/eb28f3a4-3ecc-4593-88b8-2a81a265f375/node_modules/.registry.npmjs.org/combined-stream/1.0.8/node_modules/delayed-stream"
  104 debug pnpm:link: 
    target: "/rbd/pnpm-volume/eb28f3a4-3ecc-4593-88b8-2a81a265f375/node_modules/.registry.npmjs.org/mime-db/1.52.0/node_modules/mime-db"
    link: "/rbd/pnpm-volume/eb28f3a4-3ecc-4593-88b8-2a81a265f375/node_modules/.registry.npmjs.org/mime-types/2.1.35/node_modules/mime-db"
  105 debug pnpm:link: 
    target: "/rbd/pnpm-volume/eb28f3a4-3ecc-4593-88b8-2a81a265f375/node_modules/.registry.npmjs.org/@types/node/17.0.21/node_modules/@types/node"
    link: "/rbd/pnpm-volume/eb28f3a4-3ecc-4593-88b8-2a81a265f375/node_modules/.registry.npmjs.org/@types/ws/8.5.3/node_modules/@types/node"
  106 debug pnpm:link: 
    target: "/rbd/pnpm-volume/eb28f3a4-3ecc-4593-88b8-2a81a265f375/node_modules/.registry.npmjs.org/asynckit/0.4.0/node_modules/asynckit"
    link: "/rbd/pnpm-volume/eb28f3a4-3ecc-4593-88b8-2a81a265f375/node_modules/.registry.npmjs.org/form-data/4.0.0/node_modules/asynckit"
  107 debug pnpm:link: 
    target: "/rbd/pnpm-volume/eb28f3a4-3ecc-4593-88b8-2a81a265f375/node_modules/.registry.npmjs.org/combined-stream/1.0.8/node_modules/combined-stream"
    link: "/rbd/pnpm-volume/eb28f3a4-3ecc-4593-88b8-2a81a265f375/node_modules/.registry.npmjs.org/form-data/4.0.0/node_modules/combined-stream"
  108 debug pnpm:link: 
    target: "/rbd/pnpm-volume/eb28f3a4-3ecc-4593-88b8-2a81a265f375/node_modules/.registry.npmjs.org/mime-types/2.1.35/node_modules/mime-types"
    link: "/rbd/pnpm-volume/eb28f3a4-3ecc-4593-88b8-2a81a265f375/node_modules/.registry.npmjs.org/form-data/4.0.0/node_modules/mime-types"
  109 debug pnpm:link: 
    target: "/rbd/pnpm-volume/eb28f3a4-3ecc-4593-88b8-2a81a265f375/node_modules/.registry.npmjs.org/whatwg-url/5.0.0/node_modules/whatwg-url"
    link: "/rbd/pnpm-volume/eb28f3a4-3ecc-4593-88b8-2a81a265f375/node_modules/.registry.npmjs.org/node-fetch/2.6.7/node_modules/whatwg-url"
  110 debug pnpm:link: 
    target: "/rbd/pnpm-volume/eb28f3a4-3ecc-4593-88b8-2a81a265f375/node_modules/.registry.npmjs.org/tr46/0.0.3/node_modules/tr46"
    link: "/rbd/pnpm-volume/eb28f3a4-3ecc-4593-88b8-2a81a265f375/node_modules/.registry.npmjs.org/whatwg-url/5.0.0/node_modules/tr46"
  111 debug pnpm:link: 
    target: "/rbd/pnpm-volume/eb28f3a4-3ecc-4593-88b8-2a81a265f375/node_modules/.registry.npmjs.org/webidl-conversions/3.0.1/node_modules/webidl-conversions"
    link: "/rbd/pnpm-volume/eb28f3a4-3ecc-4593-88b8-2a81a265f375/node_modules/.registry.npmjs.org/whatwg-url/5.0.0/node_modules/webidl-conversions"
  112 debug pnpm:stage: 
    prefix: "/app"
    stage: "importing_done"
  113 debug pnpm:link: 
    target: "/rbd/pnpm-volume/eb28f3a4-3ecc-4593-88b8-2a81a265f375/node_modules/.registry.npmjs.org/node/16.14.0/node_modules/node"
    link: "/rbd/pnpm-volume/eb28f3a4-3ecc-4593-88b8-2a81a265f375/node_modules/node"
  114 debug pnpm:link: 
    target: "/rbd/pnpm-volume/eb28f3a4-3ecc-4593-88b8-2a81a265f375/node_modules/.registry.npmjs.org/path/0.12.7/node_modules/path"
    link: "/rbd/pnpm-volume/eb28f3a4-3ecc-4593-88b8-2a81a265f375/node_modules/path"
  115 debug pnpm:link: 
    target: "/rbd/pnpm-volume/eb28f3a4-3ecc-4593-88b8-2a81a265f375/node_modules/.registry.npmjs.org/fs/0.0.2/node_modules/fs"
    link: "/rbd/pnpm-volume/eb28f3a4-3ecc-4593-88b8-2a81a265f375/node_modules/fs"
  116 debug pnpm:link: 
    target: "/rbd/pnpm-volume/eb28f3a4-3ecc-4593-88b8-2a81a265f375/node_modules/.registry.npmjs.org/discord.js/13.6.0/node_modules/discord.js"
    link: "/rbd/pnpm-volume/eb28f3a4-3ecc-4593-88b8-2a81a265f375/node_modules/discord.js"
  117 debug pnpm:root: 
    added: 
      dependencyType: "dev"
      id: "registry.npmjs.org/node/16.14.0"
      latest: "17.7.1"
      name: "node"
      realName: "node"
      version: "16.14.0"
    prefix: "/app"
  118 debug pnpm:link: 
    target: "/rbd/pnpm-volume/eb28f3a4-3ecc-4593-88b8-2a81a265f375/node_modules/.registry.npmjs.org/@discordjs/builders/0.11.0/node_modules/@discordjs/builders"
    link: "/rbd/pnpm-volume/eb28f3a4-3ecc-4593-88b8-2a81a265f375/node_modules/@discordjs/builders"
  119 debug pnpm:link: 
    target: "/rbd/pnpm-volume/eb28f3a4-3ecc-4593-88b8-2a81a265f375/node_modules/.registry.npmjs.org/@discordjs/collection/0.4.0/node_modules/@discordjs/collection"
    link: "/rbd/pnpm-volume/eb28f3a4-3ecc-4593-88b8-2a81a265f375/node_modules/@discordjs/collection"
  120 debug pnpm:link: 
    target: "/rbd/pnpm-volume/eb28f3a4-3ecc-4593-88b8-2a81a265f375/node_modules/.registry.npmjs.org/@sapphire/async-queue/1.3.0/node_modules/@sapphire/async-queue"
    link: "/rbd/pnpm-volume/eb28f3a4-3ecc-4593-88b8-2a81a265f375/node_modules/@sapphire/async-queue"
  121 debug pnpm:link: 
    target: "/rbd/pnpm-volume/eb28f3a4-3ecc-4593-88b8-2a81a265f375/node_modules/.registry.npmjs.org/@types/node-fetch/2.6.1/node_modules/@types/node-fetch"
    link: "/rbd/pnpm-volume/eb28f3a4-3ecc-4593-88b8-2a81a265f375/node_modules/@types/node-fetch"
  122 debug pnpm:link: 
    target: "/rbd/pnpm-volume/eb28f3a4-3ecc-4593-88b8-2a81a265f375/node_modules/.registry.npmjs.org/@types/ws/8.5.3/node_modules/@types/ws"
    link: "/rbd/pnpm-volume/eb28f3a4-3ecc-4593-88b8-2a81a265f375/node_modules/@types/ws"
  123 debug pnpm:link: 
    target: "/rbd/pnpm-volume/eb28f3a4-3ecc-4593-88b8-2a81a265f375/node_modules/.registry.npmjs.org/discord-api-types/0.26.1/node_modules/discord-api-types"
    link: "/rbd/pnpm-volume/eb28f3a4-3ecc-4593-88b8-2a81a265f375/node_modules/discord-api-types"
  124 debug pnpm:link: 
    target: "/rbd/pnpm-volume/eb28f3a4-3ecc-4593-88b8-2a81a265f375/node_modules/.registry.npmjs.org/form-data/4.0.0/node_modules/form-data"
    link: "/rbd/pnpm-volume/eb28f3a4-3ecc-4593-88b8-2a81a265f375/node_modules/form-data"
  125 debug pnpm:link: 
    target: "/rbd/pnpm-volume/eb28f3a4-3ecc-4593-88b8-2a81a265f375/node_modules/.registry.npmjs.org/node-bin-setup/1.1.0/node_modules/node-bin-setup"
    link: "/rbd/pnpm-volume/eb28f3a4-3ecc-4593-88b8-2a81a265f375/node_modules/node-bin-setup"
  126 debug pnpm:link: 
    target: "/rbd/pnpm-volume/eb28f3a4-3ecc-4593-88b8-2a81a265f375/node_modules/.registry.npmjs.org/node-fetch/2.6.7/node_modules/node-fetch"
    link: "/rbd/pnpm-volume/eb28f3a4-3ecc-4593-88b8-2a81a265f375/node_modules/node-fetch"
  127 debug pnpm:link: 
    target: "/rbd/pnpm-volume/eb28f3a4-3ecc-4593-88b8-2a81a265f375/node_modules/.registry.npmjs.org/process/0.11.10/node_modules/process"
    link: "/rbd/pnpm-volume/eb28f3a4-3ecc-4593-88b8-2a81a265f375/node_modules/process"
  128 debug pnpm:link: 
    target: "/rbd/pnpm-volume/eb28f3a4-3ecc-4593-88b8-2a81a265f375/node_modules/.registry.npmjs.org/util/0.10.4/node_modules/util"
    link: "/rbd/pnpm-volume/eb28f3a4-3ecc-4593-88b8-2a81a265f375/node_modules/util"
  129 debug pnpm:link: 
    target: "/rbd/pnpm-volume/eb28f3a4-3ecc-4593-88b8-2a81a265f375/node_modules/.registry.npmjs.org/ws/8.5.0/node_modules/ws"
    link: "/rbd/pnpm-volume/eb28f3a4-3ecc-4593-88b8-2a81a265f375/node_modules/ws"
  130 debug pnpm:link: 
    target: "/rbd/pnpm-volume/eb28f3a4-3ecc-4593-88b8-2a81a265f375/node_modules/.registry.npmjs.org/@sindresorhus/is/4.6.0/node_modules/@sindresorhus/is"
    link: "/rbd/pnpm-volume/eb28f3a4-3ecc-4593-88b8-2a81a265f375/node_modules/@sindresorhus/is"
  131 debug pnpm:link: 
    target: "/rbd/pnpm-volume/eb28f3a4-3ecc-4593-88b8-2a81a265f375/node_modules/.registry.npmjs.org/@types/node/17.0.21/node_modules/@types/node"
    link: "/rbd/pnpm-volume/eb28f3a4-3ecc-4593-88b8-2a81a265f375/node_modules/@types/node"
  132 debug pnpm:link: 
    target: "/rbd/pnpm-volume/eb28f3a4-3ecc-4593-88b8-2a81a265f375/node_modules/.registry.npmjs.org/asynckit/0.4.0/node_modules/asynckit"
    link: "/rbd/pnpm-volume/eb28f3a4-3ecc-4593-88b8-2a81a265f375/node_modules/asynckit"
  133 debug pnpm:link: 
    target: "/rbd/pnpm-volume/eb28f3a4-3ecc-4593-88b8-2a81a265f375/node_modules/.registry.npmjs.org/combined-stream/1.0.8/node_modules/combined-stream"
    link: "/rbd/pnpm-volume/eb28f3a4-3ecc-4593-88b8-2a81a265f375/node_modules/combined-stream"
  134 debug pnpm:link: 
    target: "/rbd/pnpm-volume/eb28f3a4-3ecc-4593-88b8-2a81a265f375/node_modules/.registry.npmjs.org/inherits/2.0.3/node_modules/inherits"
    link: "/rbd/pnpm-volume/eb28f3a4-3ecc-4593-88b8-2a81a265f375/node_modules/inherits"
  135 debug pnpm:link: 
    target: "/rbd/pnpm-volume/eb28f3a4-3ecc-4593-88b8-2a81a265f375/node_modules/.registry.npmjs.org/mime-types/2.1.35/node_modules/mime-types"
    link: "/rbd/pnpm-volume/eb28f3a4-3ecc-4593-88b8-2a81a265f375/node_modules/mime-types"
  136 debug pnpm:link: 
    target: "/rbd/pnpm-volume/eb28f3a4-3ecc-4593-88b8-2a81a265f375/node_modules/.registry.npmjs.org/ts-mixer/6.0.1/node_modules/ts-mixer"
    link: "/rbd/pnpm-volume/eb28f3a4-3ecc-4593-88b8-2a81a265f375/node_modules/ts-mixer"
  137 debug pnpm:link: 
    target: "/rbd/pnpm-volume/eb28f3a4-3ecc-4593-88b8-2a81a265f375/node_modules/.registry.npmjs.org/tslib/2.3.1/node_modules/tslib"
    link: "/rbd/pnpm-volume/eb28f3a4-3ecc-4593-88b8-2a81a265f375/node_modules/tslib"
  138 debug pnpm:link: 
    target: "/rbd/pnpm-volume/eb28f3a4-3ecc-4593-88b8-2a81a265f375/node_modules/.registry.npmjs.org/whatwg-url/5.0.0/node_modules/whatwg-url"
    link: "/rbd/pnpm-volume/eb28f3a4-3ecc-4593-88b8-2a81a265f375/node_modules/whatwg-url"
  139 debug pnpm:link: 
    target: "/rbd/pnpm-volume/eb28f3a4-3ecc-4593-88b8-2a81a265f375/node_modules/.registry.npmjs.org/zod/3.14.2/node_modules/zod"
    link: "/rbd/pnpm-volume/eb28f3a4-3ecc-4593-88b8-2a81a265f375/node_modules/zod"
  140 debug pnpm:link: 
    target: "/rbd/pnpm-volume/eb28f3a4-3ecc-4593-88b8-2a81a265f375/node_modules/.registry.npmjs.org/delayed-stream/1.0.0/node_modules/delayed-stream"
    link: "/rbd/pnpm-volume/eb28f3a4-3ecc-4593-88b8-2a81a265f375/node_modules/delayed-stream"
  141 debug pnpm:link: 
    target: "/rbd/pnpm-volume/eb28f3a4-3ecc-4593-88b8-2a81a265f375/node_modules/.registry.npmjs.org/mime-db/1.52.0/node_modules/mime-db"
    link: "/rbd/pnpm-volume/eb28f3a4-3ecc-4593-88b8-2a81a265f375/node_modules/mime-db"
  142 debug pnpm:link: 
    target: "/rbd/pnpm-volume/eb28f3a4-3ecc-4593-88b8-2a81a265f375/node_modules/.registry.npmjs.org/tr46/0.0.3/node_modules/tr46"
    link: "/rbd/pnpm-volume/eb28f3a4-3ecc-4593-88b8-2a81a265f375/node_modules/tr46"
  143 debug pnpm:link: 
    target: "/rbd/pnpm-volume/eb28f3a4-3ecc-4593-88b8-2a81a265f375/node_modules/.registry.npmjs.org/webidl-conversions/3.0.1/node_modules/webidl-conversions"
    link: "/rbd/pnpm-volume/eb28f3a4-3ecc-4593-88b8-2a81a265f375/node_modules/webidl-conversions"
  144 error pnpm: 
    message: 
      errno: -2
      code: "ENOENT"
      syscall: "chmod"
      path: "/rbd/pnpm-volume/eb28f3a4-3ecc-4593-88b8-2a81a265f375/node_modules/node/bin/node"
    err: 
      name: "Error"
      message: "ENOENT: no such file or directory, chmod '/rbd/pnpm-volume/eb28f3a4-3ecc-4593-88b8-2a81a265f375/node_modules/node/bin/node'"
      code: "ENOENT"
      stack: "Error: ENOENT: no such file or directory, chmod '/rbd/pnpm-volume/eb28f3a4-3ecc-4593-88b8-2a81a265f375/node_modules/node/bin/node'"
